<?xml version="1.0" encoding="UTF-8"?>
<!-- Generated by org.testng.reporters.JUnitXMLReporter -->
<testsuite ignored="0" hostname="Kapils-MacBook-Air.local" failures="1" tests="3" name="Test" time="115.177" errors="0" timestamp="2025-01-03T20:16:58 IST">
  <testcase classname="Task.All_Tasks" name="taskOne" time="66.514"/>
  <testcase classname="Task.All_Tasks" name="taskTwo" time="12.376">
    <failure type="org.openqa.selenium.TimeoutException" message="Expected condition failed: waiting for visibility of element located by By.xpath: //android.widget.AutoCompleteTextView[@resource-id=&amp;quot;org.wikipedia.alpha:id/search_src_text&amp;quot;] (tried for 10 second(s) with 500 milliseconds interval)
Build info: version: &amp;apos;4.13.0&amp;apos;, revision: &amp;apos;ba948ece5b*&amp;apos;
System info: os.name: &amp;apos;Mac OS X&amp;apos;, os.arch: &amp;apos;x86_64&amp;apos;, os.version: &amp;apos;15.1.1&amp;apos;, java.version: &amp;apos;21.0.5&amp;apos;
Driver info: io.appium.java_client.android.AndroidDriver
Capabilities {appium:app: /Users/kapil_patil/eclipse-..., appium:appActivity: org.wikipedia.main.MainActi..., appium:appPackage: org.wikipedia.alpha, appium:autoAcceptAlert: true, appium:autoGrantPermissions: true, appium:automationName: UIAutomator2, appium:databaseEnabled: false, appium:desired: {app: /Users/kapil_patil/eclipse-..., appActivity: org.wikipedia.main.MainActi..., appPackage: org.wikipedia.alpha, autoAcceptAlert: true, autoGrantPermissions: true, automationName: UIAutomator2, deviceName: OnePlus, platformName: ANDROID, udid: 78ee1e6a}, appium:deviceApiLevel: 34, appium:deviceManufacturer: OnePlus, appium:deviceModel: CPH2569, appium:deviceName: 78ee1e6a, appium:deviceScreenDensity: 408, appium:deviceScreenSize: 1080x2412, appium:deviceUDID: 78ee1e6a, appium:javascriptEnabled: true, appium:locationContextEnabled: false, appium:networkConnectionEnabled: true, appium:pixelRatio: 2.55, appium:platformVersion: 14, appium:statBarHeight: 107, appium:takesScreenshot: true, appium:udid: 78ee1e6a, appium:viewportRect: {height: 2305, left: 0, top: 107, width: 1080}, appium:warnings: {}, appium:webStorageEnabled: false, platformName: ANDROID}
Session ID: 62f87488-d383-4637-80f7-2467939b59a4">
      <![CDATA[org.openqa.selenium.TimeoutException: Expected condition failed: waiting for visibility of element located by By.xpath: //android.widget.AutoCompleteTextView[@resource-id="org.wikipedia.alpha:id/search_src_text"] (tried for 10 second(s) with 500 milliseconds interval)
Build info: version: '4.13.0', revision: 'ba948ece5b*'
System info: os.name: 'Mac OS X', os.arch: 'x86_64', os.version: '15.1.1', java.version: '21.0.5'
Driver info: io.appium.java_client.android.AndroidDriver
Capabilities {appium:app: /Users/kapil_patil/eclipse-..., appium:appActivity: org.wikipedia.main.MainActi..., appium:appPackage: org.wikipedia.alpha, appium:autoAcceptAlert: true, appium:autoGrantPermissions: true, appium:automationName: UIAutomator2, appium:databaseEnabled: false, appium:desired: {app: /Users/kapil_patil/eclipse-..., appActivity: org.wikipedia.main.MainActi..., appPackage: org.wikipedia.alpha, autoAcceptAlert: true, autoGrantPermissions: true, automationName: UIAutomator2, deviceName: OnePlus, platformName: ANDROID, udid: 78ee1e6a}, appium:deviceApiLevel: 34, appium:deviceManufacturer: OnePlus, appium:deviceModel: CPH2569, appium:deviceName: 78ee1e6a, appium:deviceScreenDensity: 408, appium:deviceScreenSize: 1080x2412, appium:deviceUDID: 78ee1e6a, appium:javascriptEnabled: true, appium:locationContextEnabled: false, appium:networkConnectionEnabled: true, appium:pixelRatio: 2.55, appium:platformVersion: 14, appium:statBarHeight: 107, appium:takesScreenshot: true, appium:udid: 78ee1e6a, appium:viewportRect: {height: 2305, left: 0, top: 107, width: 1080}, appium:warnings: {}, appium:webStorageEnabled: false, platformName: ANDROID}
Session ID: 62f87488-d383-4637-80f7-2467939b59a4
at org.openqa.selenium.support.ui.WebDriverWait.timeoutException(WebDriverWait.java:84)
at org.openqa.selenium.support.ui.FluentWait.until(FluentWait.java:230)
at Task.All_Tasks.waitForElementVisibility(All_Tasks.java:66)
at Task.All_Tasks.taskTwo(All_Tasks.java:140)
at java.base/java.util.ArrayList.forEach(ArrayList.java:1596)
... Removed 25 stack frames]]>
    </failure>
  </testcase> <!-- taskTwo -->
  <testcase classname="Task.All_Tasks" name="taskThree" time="10.113"/>
</testsuite> <!-- Test -->
