<?xml version="1.0" encoding="UTF-8"?>
<testng-results ignored="0" total="3" passed="0" failed="0" skipped="3">
  <reporter-output>
  </reporter-output>
  <suite started-at="2025-01-03T21:41:14 IST" name="Default suite" finished-at="2025-01-03T21:41:16 IST" duration-ms="1494">
    <groups>
    </groups>
    <test started-at="2025-01-03T21:41:14 IST" name="Default test" finished-at="2025-01-03T21:41:16 IST" duration-ms="1494">
      <class name="Task.All_Tasks">
        <test-method is-config="true" signature="setUp()[pri:0, instance:Task.All_Tasks@35d019a3]" started-at="2025-01-03T21:41:14 IST" name="setUp" finished-at="2025-01-03T21:41:16 IST" duration-ms="1362" status="FAIL">
          <exception class="org.openqa.selenium.SessionNotCreatedException">
            <message>
              <![CDATA[Could not start a new session. Response code 500. Message: An unknown server-side error occurred while processing the command. Original error: Device 78ee1e6a was not in the list of connected devices 
Host info: host: 'Kapils-MacBook-Air.local', ip: '2402:e280:3e81:406:4d2d:1984:e0dd:c0e6%en0'
Build info: version: '4.13.0', revision: 'ba948ece5b*'
System info: os.name: 'Mac OS X', os.arch: 'x86_64', os.version: '15.1.1', java.version: '21.0.5'
Driver info: io.appium.java_client.android.AndroidDriver
Command: [null, newSession {capabilities=[{appium:adbExecTimeout=30000, appium:app=/Users/kapil_patil/eclipse-workspace/AssessMent/src/test/resources/app/WikipediaSample.apk, appium:appActivity=org.wikipedia.main.MainActivity, appium:appPackage=org.wikipedia.alpha, appium:autoAcceptAlert=true, appium:autoGrantPermissions=true, appium:automationName=UIAutomator2, appium:deviceName=OnePlus, platformName=ANDROID, appium:udid=78ee1e6a}], desiredCapabilities=Capabilities {adbExecTimeout: 30000, app: /Users/kapil_patil/eclipse-..., appActivity: org.wikipedia.main.MainActi..., appPackage: org.wikipedia.alpha, autoAcceptAlert: true, autoGrantPermissions: true, automationName: UIAutomator2, deviceName: OnePlus, platformName: ANDROID, udid: 78ee1e6a}}]
Capabilities {adbExecTimeout: 30000, app: /Users/kapil_patil/eclipse-..., appActivity: org.wikipedia.main.MainActi..., appPackage: org.wikipedia.alpha, autoAcceptAlert: true, autoGrantPermissions: true, automationName: UIAutomator2, deviceName: OnePlus, platformName: ANDROID, udid: 78ee1e6a}]]>
            </message>
            <full-stacktrace>
              <![CDATA[org.openqa.selenium.SessionNotCreatedException: Could not start a new session. Response code 500. Message: An unknown server-side error occurred while processing the command. Original error: Device 78ee1e6a was not in the list of connected devices 
Host info: host: 'Kapils-MacBook-Air.local', ip: '2402:e280:3e81:406:4d2d:1984:e0dd:c0e6%en0'
Build info: version: '4.13.0', revision: 'ba948ece5b*'
System info: os.name: 'Mac OS X', os.arch: 'x86_64', os.version: '15.1.1', java.version: '21.0.5'
Driver info: io.appium.java_client.android.AndroidDriver
Command: [null, newSession {capabilities=[{appium:adbExecTimeout=30000, appium:app=/Users/kapil_patil/eclipse-workspace/AssessMent/src/test/resources/app/WikipediaSample.apk, appium:appActivity=org.wikipedia.main.MainActivity, appium:appPackage=org.wikipedia.alpha, appium:autoAcceptAlert=true, appium:autoGrantPermissions=true, appium:automationName=UIAutomator2, appium:deviceName=OnePlus, platformName=ANDROID, appium:udid=78ee1e6a}], desiredCapabilities=Capabilities {adbExecTimeout: 30000, app: /Users/kapil_patil/eclipse-..., appActivity: org.wikipedia.main.MainActi..., appPackage: org.wikipedia.alpha, autoAcceptAlert: true, autoGrantPermissions: true, automationName: UIAutomator2, deviceName: OnePlus, platformName: ANDROID, udid: 78ee1e6a}}]
Capabilities {adbExecTimeout: 30000, app: /Users/kapil_patil/eclipse-..., appActivity: org.wikipedia.main.MainActi..., appPackage: org.wikipedia.alpha, autoAcceptAlert: true, autoGrantPermissions: true, automationName: UIAutomator2, deviceName: OnePlus, platformName: ANDROID, udid: 78ee1e6a}
at org.openqa.selenium.remote.ProtocolHandshake.createSession(ProtocolHandshake.java:140)
at java.base/jdk.internal.reflect.DirectMethodHandleAccessor.invoke(DirectMethodHandleAccessor.java:103)
at java.base/java.lang.reflect.Method.invoke(Method.java:580)
at io.appium.java_client.remote.AppiumProtocolHandshake.createSession(AppiumProtocolHandshake.java:133)
at io.appium.java_client.remote.AppiumProtocolHandshake.createSession(AppiumProtocolHandshake.java:102)
at io.appium.java_client.remote.AppiumCommandExecutor.createSession(AppiumCommandExecutor.java:182)
at io.appium.java_client.remote.AppiumCommandExecutor.execute(AppiumCommandExecutor.java:250)
at org.openqa.selenium.remote.RemoteWebDriver.execute(RemoteWebDriver.java:602)
at io.appium.java_client.AppiumDriver.startSession(AppiumDriver.java:274)
at org.openqa.selenium.remote.RemoteWebDriver.<init>(RemoteWebDriver.java:163)
at io.appium.java_client.AppiumDriver.<init>(AppiumDriver.java:89)
at io.appium.java_client.AppiumDriver.<init>(AppiumDriver.java:101)
at io.appium.java_client.android.AndroidDriver.<init>(AndroidDriver.java:113)
at Task.All_Tasks.setUp(All_Tasks.java:55)
at java.base/jdk.internal.reflect.DirectMethodHandleAccessor.invoke(DirectMethodHandleAccessor.java:103)
at java.base/java.lang.reflect.Method.invoke(Method.java:580)
at org.testng.internal.invokers.MethodInvocationHelper.invokeMethod(MethodInvocationHelper.java:141)
at org.testng.internal.invokers.MethodInvocationHelper.invokeMethodConsideringTimeout(MethodInvocationHelper.java:71)
at org.testng.internal.invokers.ConfigInvoker.invokeConfigurationMethod(ConfigInvoker.java:400)
at org.testng.internal.invokers.ConfigInvoker.invokeConfigurations(ConfigInvoker.java:333)
at org.testng.internal.invokers.TestInvoker.runConfigMethods(TestInvoker.java:833)
at org.testng.internal.invokers.TestInvoker.invokeMethod(TestInvoker.java:600)
at org.testng.internal.invokers.TestInvoker.invokeTestMethod(TestInvoker.java:230)
at org.testng.internal.invokers.MethodRunner.runInSequence(MethodRunner.java:63)
at org.testng.internal.invokers.TestInvoker$MethodInvocationAgent.invoke(TestInvoker.java:992)
at org.testng.internal.invokers.TestInvoker.invokeTestMethods(TestInvoker.java:203)
at org.testng.internal.invokers.TestMethodWorker.invokeTestMethods(TestMethodWorker.java:154)
at org.testng.internal.invokers.TestMethodWorker.run(TestMethodWorker.java:134)
at java.base/java.util.ArrayList.forEach(ArrayList.java:1596)
at org.testng.TestRunner.privateRun(TestRunner.java:739)
at org.testng.TestRunner.run(TestRunner.java:614)
at org.testng.SuiteRunner.runTest(SuiteRunner.java:421)
at org.testng.SuiteRunner.runSequentially(SuiteRunner.java:413)
at org.testng.SuiteRunner.privateRun(SuiteRunner.java:373)
at org.testng.SuiteRunner.run(SuiteRunner.java:312)
at org.testng.SuiteRunnerWorker.runSuite(SuiteRunnerWorker.java:52)
at org.testng.SuiteRunnerWorker.run(SuiteRunnerWorker.java:95)
at org.testng.TestNG.runSuitesSequentially(TestNG.java:1274)
at org.testng.TestNG.runSuitesLocally(TestNG.java:1208)
at org.testng.TestNG.runSuites(TestNG.java:1112)
at org.testng.TestNG.run(TestNG.java:1079)
at org.testng.remote.AbstractRemoteTestNG.run(AbstractRemoteTestNG.java:115)
at org.testng.remote.RemoteTestNG.initAndRun(RemoteTestNG.java:293)
at org.testng.remote.RemoteTestNG.main(RemoteTestNG.java:91)
]]>
            </full-stacktrace>
          </exception> <!-- org.openqa.selenium.SessionNotCreatedException -->
          <reporter-output>
          </reporter-output>
        </test-method> <!-- setUp -->
        <test-method signature="taskOne()[pri:1, instance:Task.All_Tasks@35d019a3]" started-at="2025-01-03T21:41:16 IST" name="taskOne" finished-at="2025-01-03T21:41:16 IST" duration-ms="1" status="SKIP">
          <exception class="org.openqa.selenium.SessionNotCreatedException">
            <message>
              <![CDATA[Could not start a new session. Response code 500. Message: An unknown server-side error occurred while processing the command. Original error: Device 78ee1e6a was not in the list of connected devices 
Host info: host: 'Kapils-MacBook-Air.local', ip: '2402:e280:3e81:406:4d2d:1984:e0dd:c0e6%en0'
Build info: version: '4.13.0', revision: 'ba948ece5b*'
System info: os.name: 'Mac OS X', os.arch: 'x86_64', os.version: '15.1.1', java.version: '21.0.5'
Driver info: io.appium.java_client.android.AndroidDriver
Command: [null, newSession {capabilities=[{appium:adbExecTimeout=30000, appium:app=/Users/kapil_patil/eclipse-workspace/AssessMent/src/test/resources/app/WikipediaSample.apk, appium:appActivity=org.wikipedia.main.MainActivity, appium:appPackage=org.wikipedia.alpha, appium:autoAcceptAlert=true, appium:autoGrantPermissions=true, appium:automationName=UIAutomator2, appium:deviceName=OnePlus, platformName=ANDROID, appium:udid=78ee1e6a}], desiredCapabilities=Capabilities {adbExecTimeout: 30000, app: /Users/kapil_patil/eclipse-..., appActivity: org.wikipedia.main.MainActi..., appPackage: org.wikipedia.alpha, autoAcceptAlert: true, autoGrantPermissions: true, automationName: UIAutomator2, deviceName: OnePlus, platformName: ANDROID, udid: 78ee1e6a}}]
Capabilities {adbExecTimeout: 30000, app: /Users/kapil_patil/eclipse-..., appActivity: org.wikipedia.main.MainActi..., appPackage: org.wikipedia.alpha, autoAcceptAlert: true, autoGrantPermissions: true, automationName: UIAutomator2, deviceName: OnePlus, platformName: ANDROID, udid: 78ee1e6a}]]>
            </message>
            <full-stacktrace>
              <![CDATA[org.openqa.selenium.SessionNotCreatedException: Could not start a new session. Response code 500. Message: An unknown server-side error occurred while processing the command. Original error: Device 78ee1e6a was not in the list of connected devices 
Host info: host: 'Kapils-MacBook-Air.local', ip: '2402:e280:3e81:406:4d2d:1984:e0dd:c0e6%en0'
Build info: version: '4.13.0', revision: 'ba948ece5b*'
System info: os.name: 'Mac OS X', os.arch: 'x86_64', os.version: '15.1.1', java.version: '21.0.5'
Driver info: io.appium.java_client.android.AndroidDriver
Command: [null, newSession {capabilities=[{appium:adbExecTimeout=30000, appium:app=/Users/kapil_patil/eclipse-workspace/AssessMent/src/test/resources/app/WikipediaSample.apk, appium:appActivity=org.wikipedia.main.MainActivity, appium:appPackage=org.wikipedia.alpha, appium:autoAcceptAlert=true, appium:autoGrantPermissions=true, appium:automationName=UIAutomator2, appium:deviceName=OnePlus, platformName=ANDROID, appium:udid=78ee1e6a}], desiredCapabilities=Capabilities {adbExecTimeout: 30000, app: /Users/kapil_patil/eclipse-..., appActivity: org.wikipedia.main.MainActi..., appPackage: org.wikipedia.alpha, autoAcceptAlert: true, autoGrantPermissions: true, automationName: UIAutomator2, deviceName: OnePlus, platformName: ANDROID, udid: 78ee1e6a}}]
Capabilities {adbExecTimeout: 30000, app: /Users/kapil_patil/eclipse-..., appActivity: org.wikipedia.main.MainActi..., appPackage: org.wikipedia.alpha, autoAcceptAlert: true, autoGrantPermissions: true, automationName: UIAutomator2, deviceName: OnePlus, platformName: ANDROID, udid: 78ee1e6a}
at org.openqa.selenium.remote.ProtocolHandshake.createSession(ProtocolHandshake.java:140)
at java.base/jdk.internal.reflect.DirectMethodHandleAccessor.invoke(DirectMethodHandleAccessor.java:103)
at java.base/java.lang.reflect.Method.invoke(Method.java:580)
at io.appium.java_client.remote.AppiumProtocolHandshake.createSession(AppiumProtocolHandshake.java:133)
at io.appium.java_client.remote.AppiumProtocolHandshake.createSession(AppiumProtocolHandshake.java:102)
at io.appium.java_client.remote.AppiumCommandExecutor.createSession(AppiumCommandExecutor.java:182)
at io.appium.java_client.remote.AppiumCommandExecutor.execute(AppiumCommandExecutor.java:250)
at org.openqa.selenium.remote.RemoteWebDriver.execute(RemoteWebDriver.java:602)
at io.appium.java_client.AppiumDriver.startSession(AppiumDriver.java:274)
at org.openqa.selenium.remote.RemoteWebDriver.<init>(RemoteWebDriver.java:163)
at io.appium.java_client.AppiumDriver.<init>(AppiumDriver.java:89)
at io.appium.java_client.AppiumDriver.<init>(AppiumDriver.java:101)
at io.appium.java_client.android.AndroidDriver.<init>(AndroidDriver.java:113)
at Task.All_Tasks.setUp(All_Tasks.java:55)
at java.base/jdk.internal.reflect.DirectMethodHandleAccessor.invoke(DirectMethodHandleAccessor.java:103)
at java.base/java.lang.reflect.Method.invoke(Method.java:580)
at org.testng.internal.invokers.MethodInvocationHelper.invokeMethod(MethodInvocationHelper.java:141)
at org.testng.internal.invokers.MethodInvocationHelper.invokeMethodConsideringTimeout(MethodInvocationHelper.java:71)
at org.testng.internal.invokers.ConfigInvoker.invokeConfigurationMethod(ConfigInvoker.java:400)
at org.testng.internal.invokers.ConfigInvoker.invokeConfigurations(ConfigInvoker.java:333)
at org.testng.internal.invokers.TestInvoker.runConfigMethods(TestInvoker.java:833)
at org.testng.internal.invokers.TestInvoker.invokeMethod(TestInvoker.java:600)
at org.testng.internal.invokers.TestInvoker.invokeTestMethod(TestInvoker.java:230)
at org.testng.internal.invokers.MethodRunner.runInSequence(MethodRunner.java:63)
at org.testng.internal.invokers.TestInvoker$MethodInvocationAgent.invoke(TestInvoker.java:992)
at org.testng.internal.invokers.TestInvoker.invokeTestMethods(TestInvoker.java:203)
at org.testng.internal.invokers.TestMethodWorker.invokeTestMethods(TestMethodWorker.java:154)
at org.testng.internal.invokers.TestMethodWorker.run(TestMethodWorker.java:134)
at java.base/java.util.ArrayList.forEach(ArrayList.java:1596)
at org.testng.TestRunner.privateRun(TestRunner.java:739)
at org.testng.TestRunner.run(TestRunner.java:614)
at org.testng.SuiteRunner.runTest(SuiteRunner.java:421)
at org.testng.SuiteRunner.runSequentially(SuiteRunner.java:413)
at org.testng.SuiteRunner.privateRun(SuiteRunner.java:373)
at org.testng.SuiteRunner.run(SuiteRunner.java:312)
at org.testng.SuiteRunnerWorker.runSuite(SuiteRunnerWorker.java:52)
at org.testng.SuiteRunnerWorker.run(SuiteRunnerWorker.java:95)
at org.testng.TestNG.runSuitesSequentially(TestNG.java:1274)
at org.testng.TestNG.runSuitesLocally(TestNG.java:1208)
at org.testng.TestNG.runSuites(TestNG.java:1112)
at org.testng.TestNG.run(TestNG.java:1079)
at org.testng.remote.AbstractRemoteTestNG.run(AbstractRemoteTestNG.java:115)
at org.testng.remote.RemoteTestNG.initAndRun(RemoteTestNG.java:293)
at org.testng.remote.RemoteTestNG.main(RemoteTestNG.java:91)
]]>
            </full-stacktrace>
          </exception> <!-- org.openqa.selenium.SessionNotCreatedException -->
          <reporter-output>
          </reporter-output>
        </test-method> <!-- taskOne -->
        <test-method is-config="true" signature="tearDown()[pri:0, instance:Task.All_Tasks@35d019a3]" started-at="2025-01-03T21:41:16 IST" name="tearDown" finished-at="2025-01-03T21:41:16 IST" duration-ms="0" status="SKIP">
          <reporter-output>
          </reporter-output>
        </test-method> <!-- tearDown -->
        <test-method is-config="true" signature="setUp()[pri:0, instance:Task.All_Tasks@35d019a3]" started-at="2025-01-03T21:41:16 IST" name="setUp" finished-at="2025-01-03T21:41:16 IST" duration-ms="0" status="SKIP">
          <reporter-output>
          </reporter-output>
        </test-method> <!-- setUp -->
        <test-method signature="taskTwo()[pri:2, instance:Task.All_Tasks@35d019a3]" started-at="2025-01-03T21:41:16 IST" name="taskTwo" finished-at="2025-01-03T21:41:16 IST" duration-ms="0" status="SKIP">
          <exception class="org.openqa.selenium.SessionNotCreatedException">
            <message>
              <![CDATA[Could not start a new session. Response code 500. Message: An unknown server-side error occurred while processing the command. Original error: Device 78ee1e6a was not in the list of connected devices 
Host info: host: 'Kapils-MacBook-Air.local', ip: '2402:e280:3e81:406:4d2d:1984:e0dd:c0e6%en0'
Build info: version: '4.13.0', revision: 'ba948ece5b*'
System info: os.name: 'Mac OS X', os.arch: 'x86_64', os.version: '15.1.1', java.version: '21.0.5'
Driver info: io.appium.java_client.android.AndroidDriver
Command: [null, newSession {capabilities=[{appium:adbExecTimeout=30000, appium:app=/Users/kapil_patil/eclipse-workspace/AssessMent/src/test/resources/app/WikipediaSample.apk, appium:appActivity=org.wikipedia.main.MainActivity, appium:appPackage=org.wikipedia.alpha, appium:autoAcceptAlert=true, appium:autoGrantPermissions=true, appium:automationName=UIAutomator2, appium:deviceName=OnePlus, platformName=ANDROID, appium:udid=78ee1e6a}], desiredCapabilities=Capabilities {adbExecTimeout: 30000, app: /Users/kapil_patil/eclipse-..., appActivity: org.wikipedia.main.MainActi..., appPackage: org.wikipedia.alpha, autoAcceptAlert: true, autoGrantPermissions: true, automationName: UIAutomator2, deviceName: OnePlus, platformName: ANDROID, udid: 78ee1e6a}}]
Capabilities {adbExecTimeout: 30000, app: /Users/kapil_patil/eclipse-..., appActivity: org.wikipedia.main.MainActi..., appPackage: org.wikipedia.alpha, autoAcceptAlert: true, autoGrantPermissions: true, automationName: UIAutomator2, deviceName: OnePlus, platformName: ANDROID, udid: 78ee1e6a}]]>
            </message>
            <full-stacktrace>
              <![CDATA[org.openqa.selenium.SessionNotCreatedException: Could not start a new session. Response code 500. Message: An unknown server-side error occurred while processing the command. Original error: Device 78ee1e6a was not in the list of connected devices 
Host info: host: 'Kapils-MacBook-Air.local', ip: '2402:e280:3e81:406:4d2d:1984:e0dd:c0e6%en0'
Build info: version: '4.13.0', revision: 'ba948ece5b*'
System info: os.name: 'Mac OS X', os.arch: 'x86_64', os.version: '15.1.1', java.version: '21.0.5'
Driver info: io.appium.java_client.android.AndroidDriver
Command: [null, newSession {capabilities=[{appium:adbExecTimeout=30000, appium:app=/Users/kapil_patil/eclipse-workspace/AssessMent/src/test/resources/app/WikipediaSample.apk, appium:appActivity=org.wikipedia.main.MainActivity, appium:appPackage=org.wikipedia.alpha, appium:autoAcceptAlert=true, appium:autoGrantPermissions=true, appium:automationName=UIAutomator2, appium:deviceName=OnePlus, platformName=ANDROID, appium:udid=78ee1e6a}], desiredCapabilities=Capabilities {adbExecTimeout: 30000, app: /Users/kapil_patil/eclipse-..., appActivity: org.wikipedia.main.MainActi..., appPackage: org.wikipedia.alpha, autoAcceptAlert: true, autoGrantPermissions: true, automationName: UIAutomator2, deviceName: OnePlus, platformName: ANDROID, udid: 78ee1e6a}}]
Capabilities {adbExecTimeout: 30000, app: /Users/kapil_patil/eclipse-..., appActivity: org.wikipedia.main.MainActi..., appPackage: org.wikipedia.alpha, autoAcceptAlert: true, autoGrantPermissions: true, automationName: UIAutomator2, deviceName: OnePlus, platformName: ANDROID, udid: 78ee1e6a}
at org.openqa.selenium.remote.ProtocolHandshake.createSession(ProtocolHandshake.java:140)
at java.base/jdk.internal.reflect.DirectMethodHandleAccessor.invoke(DirectMethodHandleAccessor.java:103)
at java.base/java.lang.reflect.Method.invoke(Method.java:580)
at io.appium.java_client.remote.AppiumProtocolHandshake.createSession(AppiumProtocolHandshake.java:133)
at io.appium.java_client.remote.AppiumProtocolHandshake.createSession(AppiumProtocolHandshake.java:102)
at io.appium.java_client.remote.AppiumCommandExecutor.createSession(AppiumCommandExecutor.java:182)
at io.appium.java_client.remote.AppiumCommandExecutor.execute(AppiumCommandExecutor.java:250)
at org.openqa.selenium.remote.RemoteWebDriver.execute(RemoteWebDriver.java:602)
at io.appium.java_client.AppiumDriver.startSession(AppiumDriver.java:274)
at org.openqa.selenium.remote.RemoteWebDriver.<init>(RemoteWebDriver.java:163)
at io.appium.java_client.AppiumDriver.<init>(AppiumDriver.java:89)
at io.appium.java_client.AppiumDriver.<init>(AppiumDriver.java:101)
at io.appium.java_client.android.AndroidDriver.<init>(AndroidDriver.java:113)
at Task.All_Tasks.setUp(All_Tasks.java:55)
at java.base/jdk.internal.reflect.DirectMethodHandleAccessor.invoke(DirectMethodHandleAccessor.java:103)
at java.base/java.lang.reflect.Method.invoke(Method.java:580)
at org.testng.internal.invokers.MethodInvocationHelper.invokeMethod(MethodInvocationHelper.java:141)
at org.testng.internal.invokers.MethodInvocationHelper.invokeMethodConsideringTimeout(MethodInvocationHelper.java:71)
at org.testng.internal.invokers.ConfigInvoker.invokeConfigurationMethod(ConfigInvoker.java:400)
at org.testng.internal.invokers.ConfigInvoker.invokeConfigurations(ConfigInvoker.java:333)
at org.testng.internal.invokers.TestInvoker.runConfigMethods(TestInvoker.java:833)
at org.testng.internal.invokers.TestInvoker.invokeMethod(TestInvoker.java:600)
at org.testng.internal.invokers.TestInvoker.invokeTestMethod(TestInvoker.java:230)
at org.testng.internal.invokers.MethodRunner.runInSequence(MethodRunner.java:63)
at org.testng.internal.invokers.TestInvoker$MethodInvocationAgent.invoke(TestInvoker.java:992)
at org.testng.internal.invokers.TestInvoker.invokeTestMethods(TestInvoker.java:203)
at org.testng.internal.invokers.TestMethodWorker.invokeTestMethods(TestMethodWorker.java:154)
at org.testng.internal.invokers.TestMethodWorker.run(TestMethodWorker.java:134)
at java.base/java.util.ArrayList.forEach(ArrayList.java:1596)
at org.testng.TestRunner.privateRun(TestRunner.java:739)
at org.testng.TestRunner.run(TestRunner.java:614)
at org.testng.SuiteRunner.runTest(SuiteRunner.java:421)
at org.testng.SuiteRunner.runSequentially(SuiteRunner.java:413)
at org.testng.SuiteRunner.privateRun(SuiteRunner.java:373)
at org.testng.SuiteRunner.run(SuiteRunner.java:312)
at org.testng.SuiteRunnerWorker.runSuite(SuiteRunnerWorker.java:52)
at org.testng.SuiteRunnerWorker.run(SuiteRunnerWorker.java:95)
at org.testng.TestNG.runSuitesSequentially(TestNG.java:1274)
at org.testng.TestNG.runSuitesLocally(TestNG.java:1208)
at org.testng.TestNG.runSuites(TestNG.java:1112)
at org.testng.TestNG.run(TestNG.java:1079)
at org.testng.remote.AbstractRemoteTestNG.run(AbstractRemoteTestNG.java:115)
at org.testng.remote.RemoteTestNG.initAndRun(RemoteTestNG.java:293)
at org.testng.remote.RemoteTestNG.main(RemoteTestNG.java:91)
]]>
            </full-stacktrace>
          </exception> <!-- org.openqa.selenium.SessionNotCreatedException -->
          <reporter-output>
          </reporter-output>
        </test-method> <!-- taskTwo -->
        <test-method is-config="true" signature="tearDown()[pri:0, instance:Task.All_Tasks@35d019a3]" started-at="2025-01-03T21:41:16 IST" name="tearDown" finished-at="2025-01-03T21:41:16 IST" duration-ms="0" status="SKIP">
          <reporter-output>
          </reporter-output>
        </test-method> <!-- tearDown -->
        <test-method is-config="true" signature="setUp()[pri:0, instance:Task.All_Tasks@35d019a3]" started-at="2025-01-03T21:41:16 IST" name="setUp" finished-at="2025-01-03T21:41:16 IST" duration-ms="0" status="SKIP">
          <reporter-output>
          </reporter-output>
        </test-method> <!-- setUp -->
        <test-method signature="taskThree()[pri:3, instance:Task.All_Tasks@35d019a3]" started-at="2025-01-03T21:41:16 IST" name="taskThree" finished-at="2025-01-03T21:41:16 IST" duration-ms="0" status="SKIP">
          <exception class="org.openqa.selenium.SessionNotCreatedException">
            <message>
              <![CDATA[Could not start a new session. Response code 500. Message: An unknown server-side error occurred while processing the command. Original error: Device 78ee1e6a was not in the list of connected devices 
Host info: host: 'Kapils-MacBook-Air.local', ip: '2402:e280:3e81:406:4d2d:1984:e0dd:c0e6%en0'
Build info: version: '4.13.0', revision: 'ba948ece5b*'
System info: os.name: 'Mac OS X', os.arch: 'x86_64', os.version: '15.1.1', java.version: '21.0.5'
Driver info: io.appium.java_client.android.AndroidDriver
Command: [null, newSession {capabilities=[{appium:adbExecTimeout=30000, appium:app=/Users/kapil_patil/eclipse-workspace/AssessMent/src/test/resources/app/WikipediaSample.apk, appium:appActivity=org.wikipedia.main.MainActivity, appium:appPackage=org.wikipedia.alpha, appium:autoAcceptAlert=true, appium:autoGrantPermissions=true, appium:automationName=UIAutomator2, appium:deviceName=OnePlus, platformName=ANDROID, appium:udid=78ee1e6a}], desiredCapabilities=Capabilities {adbExecTimeout: 30000, app: /Users/kapil_patil/eclipse-..., appActivity: org.wikipedia.main.MainActi..., appPackage: org.wikipedia.alpha, autoAcceptAlert: true, autoGrantPermissions: true, automationName: UIAutomator2, deviceName: OnePlus, platformName: ANDROID, udid: 78ee1e6a}}]
Capabilities {adbExecTimeout: 30000, app: /Users/kapil_patil/eclipse-..., appActivity: org.wikipedia.main.MainActi..., appPackage: org.wikipedia.alpha, autoAcceptAlert: true, autoGrantPermissions: true, automationName: UIAutomator2, deviceName: OnePlus, platformName: ANDROID, udid: 78ee1e6a}]]>
            </message>
            <full-stacktrace>
              <![CDATA[org.openqa.selenium.SessionNotCreatedException: Could not start a new session. Response code 500. Message: An unknown server-side error occurred while processing the command. Original error: Device 78ee1e6a was not in the list of connected devices 
Host info: host: 'Kapils-MacBook-Air.local', ip: '2402:e280:3e81:406:4d2d:1984:e0dd:c0e6%en0'
Build info: version: '4.13.0', revision: 'ba948ece5b*'
System info: os.name: 'Mac OS X', os.arch: 'x86_64', os.version: '15.1.1', java.version: '21.0.5'
Driver info: io.appium.java_client.android.AndroidDriver
Command: [null, newSession {capabilities=[{appium:adbExecTimeout=30000, appium:app=/Users/kapil_patil/eclipse-workspace/AssessMent/src/test/resources/app/WikipediaSample.apk, appium:appActivity=org.wikipedia.main.MainActivity, appium:appPackage=org.wikipedia.alpha, appium:autoAcceptAlert=true, appium:autoGrantPermissions=true, appium:automationName=UIAutomator2, appium:deviceName=OnePlus, platformName=ANDROID, appium:udid=78ee1e6a}], desiredCapabilities=Capabilities {adbExecTimeout: 30000, app: /Users/kapil_patil/eclipse-..., appActivity: org.wikipedia.main.MainActi..., appPackage: org.wikipedia.alpha, autoAcceptAlert: true, autoGrantPermissions: true, automationName: UIAutomator2, deviceName: OnePlus, platformName: ANDROID, udid: 78ee1e6a}}]
Capabilities {adbExecTimeout: 30000, app: /Users/kapil_patil/eclipse-..., appActivity: org.wikipedia.main.MainActi..., appPackage: org.wikipedia.alpha, autoAcceptAlert: true, autoGrantPermissions: true, automationName: UIAutomator2, deviceName: OnePlus, platformName: ANDROID, udid: 78ee1e6a}
at org.openqa.selenium.remote.ProtocolHandshake.createSession(ProtocolHandshake.java:140)
at java.base/jdk.internal.reflect.DirectMethodHandleAccessor.invoke(DirectMethodHandleAccessor.java:103)
at java.base/java.lang.reflect.Method.invoke(Method.java:580)
at io.appium.java_client.remote.AppiumProtocolHandshake.createSession(AppiumProtocolHandshake.java:133)
at io.appium.java_client.remote.AppiumProtocolHandshake.createSession(AppiumProtocolHandshake.java:102)
at io.appium.java_client.remote.AppiumCommandExecutor.createSession(AppiumCommandExecutor.java:182)
at io.appium.java_client.remote.AppiumCommandExecutor.execute(AppiumCommandExecutor.java:250)
at org.openqa.selenium.remote.RemoteWebDriver.execute(RemoteWebDriver.java:602)
at io.appium.java_client.AppiumDriver.startSession(AppiumDriver.java:274)
at org.openqa.selenium.remote.RemoteWebDriver.<init>(RemoteWebDriver.java:163)
at io.appium.java_client.AppiumDriver.<init>(AppiumDriver.java:89)
at io.appium.java_client.AppiumDriver.<init>(AppiumDriver.java:101)
at io.appium.java_client.android.AndroidDriver.<init>(AndroidDriver.java:113)
at Task.All_Tasks.setUp(All_Tasks.java:55)
at java.base/jdk.internal.reflect.DirectMethodHandleAccessor.invoke(DirectMethodHandleAccessor.java:103)
at java.base/java.lang.reflect.Method.invoke(Method.java:580)
at org.testng.internal.invokers.MethodInvocationHelper.invokeMethod(MethodInvocationHelper.java:141)
at org.testng.internal.invokers.MethodInvocationHelper.invokeMethodConsideringTimeout(MethodInvocationHelper.java:71)
at org.testng.internal.invokers.ConfigInvoker.invokeConfigurationMethod(ConfigInvoker.java:400)
at org.testng.internal.invokers.ConfigInvoker.invokeConfigurations(ConfigInvoker.java:333)
at org.testng.internal.invokers.TestInvoker.runConfigMethods(TestInvoker.java:833)
at org.testng.internal.invokers.TestInvoker.invokeMethod(TestInvoker.java:600)
at org.testng.internal.invokers.TestInvoker.invokeTestMethod(TestInvoker.java:230)
at org.testng.internal.invokers.MethodRunner.runInSequence(MethodRunner.java:63)
at org.testng.internal.invokers.TestInvoker$MethodInvocationAgent.invoke(TestInvoker.java:992)
at org.testng.internal.invokers.TestInvoker.invokeTestMethods(TestInvoker.java:203)
at org.testng.internal.invokers.TestMethodWorker.invokeTestMethods(TestMethodWorker.java:154)
at org.testng.internal.invokers.TestMethodWorker.run(TestMethodWorker.java:134)
at java.base/java.util.ArrayList.forEach(ArrayList.java:1596)
at org.testng.TestRunner.privateRun(TestRunner.java:739)
at org.testng.TestRunner.run(TestRunner.java:614)
at org.testng.SuiteRunner.runTest(SuiteRunner.java:421)
at org.testng.SuiteRunner.runSequentially(SuiteRunner.java:413)
at org.testng.SuiteRunner.privateRun(SuiteRunner.java:373)
at org.testng.SuiteRunner.run(SuiteRunner.java:312)
at org.testng.SuiteRunnerWorker.runSuite(SuiteRunnerWorker.java:52)
at org.testng.SuiteRunnerWorker.run(SuiteRunnerWorker.java:95)
at org.testng.TestNG.runSuitesSequentially(TestNG.java:1274)
at org.testng.TestNG.runSuitesLocally(TestNG.java:1208)
at org.testng.TestNG.runSuites(TestNG.java:1112)
at org.testng.TestNG.run(TestNG.java:1079)
at org.testng.remote.AbstractRemoteTestNG.run(AbstractRemoteTestNG.java:115)
at org.testng.remote.RemoteTestNG.initAndRun(RemoteTestNG.java:293)
at org.testng.remote.RemoteTestNG.main(RemoteTestNG.java:91)
]]>
            </full-stacktrace>
          </exception> <!-- org.openqa.selenium.SessionNotCreatedException -->
          <reporter-output>
          </reporter-output>
        </test-method> <!-- taskThree -->
        <test-method is-config="true" signature="tearDown()[pri:0, instance:Task.All_Tasks@35d019a3]" started-at="2025-01-03T21:41:16 IST" name="tearDown" finished-at="2025-01-03T21:41:16 IST" duration-ms="0" status="SKIP">
          <reporter-output>
          </reporter-output>
        </test-method> <!-- tearDown -->
      </class> <!-- Task.All_Tasks -->
    </test> <!-- Default test -->
  </suite> <!-- Default suite -->
</testng-results>
